<?xml version="1.0" encoding="UTF-8"?>
<testng-results ignored="0" total="1" passed="1" failed="0" skipped="0">
  <reporter-output>
  </reporter-output>
  <suite started-at="2021-05-03T13:01:50 CEST" name="Surefire suite" finished-at="2021-05-03T13:01:50 CEST" duration-ms="30">
    <groups>
    </groups>
    <test started-at="2021-05-03T13:01:50 CEST" name="Surefire test" finished-at="2021-05-03T13:01:50 CEST" duration-ms="30">
      <class name="views.AppTest">
        <test-method signature="shouldAnswerWithTrue()[pri:0, instance:views.AppTest@564fabc8]" started-at="2021-05-03T13:01:50 CEST" name="shouldAnswerWithTrue" finished-at="2021-05-03T13:01:50 CEST" duration-ms="5" status="PASS">
          <reporter-output>
          </reporter-output>
        </test-method> <!-- shouldAnswerWithTrue -->
      </class> <!-- views.AppTest -->
    </test> <!-- Surefire test -->
  </suite> <!-- Surefire suite -->
</testng-results>
